Determining if the Q_WS_WIN exist failed with the following output:
Change Dir: /home/denis/calibration/build/CMakeFiles/CMakeTmp

Run Build Command:/usr/bin/make "cmTryCompileExec2072463409/fast"
/usr/bin/make -f CMakeFiles/cmTryCompileExec2072463409.dir/build.make CMakeFiles/cmTryCompileExec2072463409.dir/build
make[1]: Entering directory `/home/denis/calibration/build/CMakeFiles/CMakeTmp'
/usr/bin/cmake -E cmake_progress_report /home/denis/calibration/build/CMakeFiles/CMakeTmp/CMakeFiles 1
Building CXX object CMakeFiles/cmTryCompileExec2072463409.dir/CheckSymbolExists.cxx.o
/usr/bin/c++    -I/usr/include/qt4    -o CMakeFiles/cmTryCompileExec2072463409.dir/CheckSymbolExists.cxx.o -c /home/denis/calibration/build/CMakeFiles/CMakeTmp/CheckSymbolExists.cxx
/home/denis/calibration/build/CMakeFiles/CMakeTmp/CheckSymbolExists.cxx: In function ‘int main(int, char**)’:
/home/denis/calibration/build/CMakeFiles/CMakeTmp/CheckSymbolExists.cxx:8:19: error: ‘Q_WS_WIN’ was not declared in this scope
   return ((int*)(&Q_WS_WIN))[argc];
                   ^
make[1]: Leaving directory `/home/denis/calibration/build/CMakeFiles/CMakeTmp'
make[1]: *** [CMakeFiles/cmTryCompileExec2072463409.dir/CheckSymbolExists.cxx.o] Error 1
make: *** [cmTryCompileExec2072463409/fast] Error 2

File /home/denis/calibration/build/CMakeFiles/CMakeTmp/CheckSymbolExists.cxx:
/* */
#include <QtCore/qglobal.h>

int main(int argc, char** argv)
{
  (void)argv;
#ifndef Q_WS_WIN
  return ((int*)(&Q_WS_WIN))[argc];
#else
  (void)argc;
  return 0;
#endif
}

Determining if the Q_WS_QWS exist failed with the following output:
Change Dir: /home/denis/calibration/build/CMakeFiles/CMakeTmp

Run Build Command:/usr/bin/make "cmTryCompileExec1026463689/fast"
/usr/bin/make -f CMakeFiles/cmTryCompileExec1026463689.dir/build.make CMakeFiles/cmTryCompileExec1026463689.dir/build
make[1]: Entering directory `/home/denis/calibration/build/CMakeFiles/CMakeTmp'
/usr/bin/cmake -E cmake_progress_report /home/denis/calibration/build/CMakeFiles/CMakeTmp/CMakeFiles 1
Building CXX object CMakeFiles/cmTryCompileExec1026463689.dir/CheckSymbolExists.cxx.o
/usr/bin/c++    -I/usr/include/qt4    -o CMakeFiles/cmTryCompileExec1026463689.dir/CheckSymbolExists.cxx.o -c /home/denis/calibration/build/CMakeFiles/CMakeTmp/CheckSymbolExists.cxx
/home/denis/calibration/build/CMakeFiles/CMakeTmp/CheckSymbolExists.cxx: In function ‘int main(int, char**)’:
/home/denis/calibration/build/CMakeFiles/CMakeTmp/CheckSymbolExists.cxx:8:19: error: ‘Q_WS_QWS’ was not declared in this scope
   return ((int*)(&Q_WS_QWS))[argc];
                   ^
make[1]: Leaving directory `/home/denis/calibration/build/CMakeFiles/CMakeTmp'
make[1]: *** [CMakeFiles/cmTryCompileExec1026463689.dir/CheckSymbolExists.cxx.o] Error 1
make: *** [cmTryCompileExec1026463689/fast] Error 2

File /home/denis/calibration/build/CMakeFiles/CMakeTmp/CheckSymbolExists.cxx:
/* */
#include <QtCore/qglobal.h>

int main(int argc, char** argv)
{
  (void)argv;
#ifndef Q_WS_QWS
  return ((int*)(&Q_WS_QWS))[argc];
#else
  (void)argc;
  return 0;
#endif
}

Determining if the Q_WS_MAC exist failed with the following output:
Change Dir: /home/denis/calibration/build/CMakeFiles/CMakeTmp

Run Build Command:/usr/bin/make "cmTryCompileExec2876693873/fast"
/usr/bin/make -f CMakeFiles/cmTryCompileExec2876693873.dir/build.make CMakeFiles/cmTryCompileExec2876693873.dir/build
make[1]: Entering directory `/home/denis/calibration/build/CMakeFiles/CMakeTmp'
/usr/bin/cmake -E cmake_progress_report /home/denis/calibration/build/CMakeFiles/CMakeTmp/CMakeFiles 1
Building CXX object CMakeFiles/cmTryCompileExec2876693873.dir/CheckSymbolExists.cxx.o
/usr/bin/c++    -I/usr/include/qt4    -o CMakeFiles/cmTryCompileExec2876693873.dir/CheckSymbolExists.cxx.o -c /home/denis/calibration/build/CMakeFiles/CMakeTmp/CheckSymbolExists.cxx
/home/denis/calibration/build/CMakeFiles/CMakeTmp/CheckSymbolExists.cxx: In function ‘int main(int, char**)’:
/home/denis/calibration/build/CMakeFiles/CMakeTmp/CheckSymbolExists.cxx:8:19: error: ‘Q_WS_MAC’ was not declared in this scope
   return ((int*)(&Q_WS_MAC))[argc];
                   ^
make[1]: Leaving directory `/home/denis/calibration/build/CMakeFiles/CMakeTmp'
make[1]: *** [CMakeFiles/cmTryCompileExec2876693873.dir/CheckSymbolExists.cxx.o] Error 1
make: *** [cmTryCompileExec2876693873/fast] Error 2

File /home/denis/calibration/build/CMakeFiles/CMakeTmp/CheckSymbolExists.cxx:
/* */
#include <QtCore/qglobal.h>

int main(int argc, char** argv)
{
  (void)argv;
#ifndef Q_WS_MAC
  return ((int*)(&Q_WS_MAC))[argc];
#else
  (void)argc;
  return 0;
#endif
}

